app/build/outputs/logs/manifest-merger-debug-report.txt
-- Merging decision tree log ---
manifest
ADDED from src\main\AndroidManifest.xml:20:1-50:12
	package
		ADDED from src\main\AndroidManifest.xml:21:5-50
		INJECTED from src\main\AndroidManifest.xml
		INJECTED from src\main\AndroidManifest.xml
	android:versionName
		ADDED from src\main\AndroidManifest.xml:23:5-30
		INJECTED from src\main\AndroidManifest.xml
		INJECTED from src\main\AndroidManifest.xml
	android:versionCode
		ADDED from src\main\AndroidManifest.xml:22:5-28
		INJECTED from src\main\AndroidManifest.xml
		INJECTED from src\main\AndroidManifest.xml
	xmlns:android
		ADDED from src\main\AndroidManifest.xml:20:11-69
uses-sdk
ADDED from src\main\AndroidManifest.xml:25:5-26:40
MERGED from [DeviceScanActivity:estimote-sdk:unspecified] AndroidManifest.xml:7:5-43
	android:targetSdkVersion
		ADDED from src\main\AndroidManifest.xml:26:9-38
		INJECTED from src\main\AndroidManifest.xml
		INJECTED from src\main\AndroidManifest.xml
	android:minSdkVersion
		ADDED from src\main\AndroidManifest.xml:25:15-41
		INJECTED from src\main\AndroidManifest.xml
		INJECTED from src\main\AndroidManifest.xml
uses-feature#android.hardware.bluetooth_le
ADDED from src\main\AndroidManifest.xml:31:5-89
MERGED from [DeviceScanActivity:estimote-sdk:unspecified] AndroidManifest.xml:18:5-20:36
	android:required
		ADDED from src\main\AndroidManifest.xml:31:64-87
	android:name
		ADDED from src\main\AndroidManifest.xml:31:19-63
uses-permission#android.permission.BLUETOOTH
ADDED from src\main\AndroidManifest.xml:33:5-67
MERGED from [DeviceScanActivity:estimote-sdk:unspecified] AndroidManifest.xml:10:5-68
	android:name
		ADDED from src\main\AndroidManifest.xml:33:22-65
uses-permission#android.permission.BLUETOOTH_ADMIN
ADDED from src\main\AndroidManifest.xml:34:5-73
MERGED from [DeviceScanActivity:estimote-sdk:unspecified] AndroidManifest.xml:11:5-74
	android:name
		ADDED from src\main\AndroidManifest.xml:34:22-71
application
ADDED from src\main\AndroidManifest.xml:36:5-48:19
MERGED from [DeviceScanActivity:estimote-sdk:unspecified] AndroidManifest.xml:25:5-39:19
	android:label
		ADDED from src\main\AndroidManifest.xml:36:18-50
	android:icon
		ADDED from src\main\AndroidManifest.xml:37:9-45
	android:theme
		ADDED from src\main\AndroidManifest.xml:38:9-56
activity#com.example.android.bluetoothlegatt.DeviceScanActivity
ADDED from src\main\AndroidManifest.xml:39:9-45:20
	android:label
		ADDED from src\main\AndroidManifest.xml:40:13-45
	android:name
		ADDED from src\main\AndroidManifest.xml:39:19-53
intent-filter#android.intent.action.MAIN+android.intent.category.LAUNCHER
ADDED from src\main\AndroidManifest.xml:41:13-44:29
action#android.intent.action.MAIN
ADDED from src\main\AndroidManifest.xml:42:17-68
	android:name
		ADDED from src\main\AndroidManifest.xml:42:25-66
category#android.intent.category.LAUNCHER
ADDED from src\main\AndroidManifest.xml:43:17-76
	android:name
		ADDED from src\main\AndroidManifest.xml:43:27-74
activity#com.example.android.bluetoothlegatt.DeviceControlActivity
ADDED from src\main\AndroidManifest.xml:46:9-58
	android:name
		ADDED from src\main\AndroidManifest.xml:46:19-56
service#com.example.android.bluetoothlegatt.BluetoothLeService
ADDED from src\main\AndroidManifest.xml:47:9-77
	android:enabled
		ADDED from src\main\AndroidManifest.xml:47:53-75
	android:name
		ADDED from src\main\AndroidManifest.xml:47:18-52
uses-permission-sdk-23
ADDED from [DeviceScanActivity:estimote-sdk:unspecified] AndroidManifest.xml:13:5-88
	android:name
		ADDED from [DeviceScanActivity:estimote-sdk:unspecified] AndroidManifest.xml:13:29-85
uses-permission#android.permission.INTERNET
ADDED from [DeviceScanActivity:estimote-sdk:unspecified] AndroidManifest.xml:15:5-67
	android:name
		ADDED from [DeviceScanActivity:estimote-sdk:unspecified] AndroidManifest.xml:15:22-64
uses-permission#android.permission.ACCESS_NETWORK_STATE
ADDED from [DeviceScanActivity:estimote-sdk:unspecified] AndroidManifest.xml:16:5-79
	android:name
		ADDED from [DeviceScanActivity:estimote-sdk:unspecified] AndroidManifest.xml:16:22-76
service#com.estimote.mgmtsdk.connection.strategy.DeviceConnectionProviderService
ADDED from [DeviceScanActivity:estimote-sdk:unspecified] AndroidManifest.xml:26:9-28:40
	android:exported
		ADDED from [DeviceScanActivity:estimote-sdk:unspecified] AndroidManifest.xml:28:13-37
	android:name
		ADDED from [DeviceScanActivity:estimote-sdk:unspecified] AndroidManifest.xml:27:13-100
service#com.estimote.mgmtsdk.repackaged.dfu_v0_6_1.no.nordicsemi.android.dfu.DfuBaseService
ADDED from [DeviceScanActivity:estimote-sdk:unspecified] AndroidManifest.xml:29:9-119
	android:name
		ADDED from [DeviceScanActivity:estimote-sdk:unspecified] AndroidManifest.xml:29:18-116
service#com.estimote.coresdk.service.BeaconService
ADDED from [DeviceScanActivity:estimote-sdk:unspecified] AndroidManifest.xml:30:9-32:40
	android:exported
		ADDED from [DeviceScanActivity:estimote-sdk:unspecified] AndroidManifest.xml:32:13-37
	android:name
		ADDED from [DeviceScanActivity:estimote-sdk:unspecified] AndroidManifest.xml:31:13-70
activity#com.estimote.coresdk.common.requirements.DefaultRequirementsCheckerCallback$Activity
ADDED from [DeviceScanActivity:estimote-sdk:unspecified] AndroidManifest.xml:34:9-36:56
	android:theme
		ADDED from [DeviceScanActivity:estimote-sdk:unspecified] AndroidManifest.xml:36:13-53
	android:name
		ADDED from [DeviceScanActivity:estimote-sdk:unspecified] AndroidManifest.xml:35:13-112
receiver#com.estimote.coresdk.scanning.scheduling.SystemAlarmManager$AlarmBroadcastReceiver
ADDED from [DeviceScanActivity:estimote-sdk:unspecified] AndroidManifest.xml:38:9-119
	android:name
		ADDED from [DeviceScanActivity:estimote-sdk:unspecified] AndroidManifest.xml:38:19-116